SF:lib\src\platform\user_agent_service.dart
DA:11,1
DA:13,0
DA:15,1
DA:20,1
DA:22,0
DA:24,1
DA:29,1
DA:32,1
DA:35,2
DA:39,1
LF:10
LH:8
end_of_record
SF:lib\src\platform\web_config.dart
DA:6,1
DA:9,1
DA:10,1
DA:14,0
DA:17,0
DA:24,0
DA:31,1
DA:32,2
DA:35,2
DA:38,2
DA:41,2
DA:44,2
DA:48,0
DA:49,0
LF:14
LH:9
end_of_record
SF:lib\src\platform\user_agent_native.dart
DA:6,1
DA:8,1
DA:9,0
DA:14,1
DA:17,1
DA:23,1
DA:25,1
LF:7
LH:6
end_of_record
SF:lib\src\platform\user_agent_web_stub.dart
DA:4,0
DA:5,0
DA:6,0
DA:7,0
DA:8,0
DA:17,0
LF:6
LH:0
end_of_record
